0 1
1 0.493
2 0.377
3 0.324
4 0.295
5 0.291
6 0.287
7 0.288
8 0.294
9 0.272
10 0.282
11 0.277
12 0.312
13 0.313
14 0.283
15 0.294
16 0.277
17 0.289
18 0.293
19 0.304
20 0.322
21 0.276
22 0.278
23 0.297
24 0.31
25 0.306
26 0.288
27 0.278
28 0.298
29 0.269
30 0.271
31 0.305
32 0.29
33 0.26
34 0.282
35 0.299
36 0.3
37 0.288
38 0.306
39 0.3
40 0.254
41 0.275
42 0.32
43 0.297
44 0.288
45 0.304
46 0.294
47 0.283
48 0.284
49 0.31
50 0.264
51 0.291
52 0.291
53 0.285
54 0.327
55 0.27
56 0.304
57 0.29
58 0.275
59 0.28
60 0.268
61 0.282
62 0.301
63 0.307
64 0.297
65 0.29
66 0.282
67 0.278
68 0.285
69 0.296
70 0.272
71 0.28
72 0.289
73 0.287
74 0.285
75 0.273
76 0.297
77 0.271
78 0.301
79 0.272
80 0.272
81 0.31
82 0.306
83 0.303
84 0.273
85 0.303
86 0.3
87 0.283
88 0.336
89 0.28
90 0.282
91 0.288
92 0.284
93 0.309
94 0.282
95 0.301
96 0.288
97 0.258
98 0.299
99 0.317
100 0.295
101 0.31
102 0.286
103 0.304
104 0.307
105 0.301
106 0.265
107 0.296
108 0.312
109 0.291
110 0.271
111 0.292
112 0.292
113 0.296
114 0.285
115 0.283
116 0.309
117 0.287
118 0.27
119 0.265
120 0.3
121 0.306
122 0.294
123 0.282
124 0.297
125 0.292
126 0.291
127 0.299
128 0.265
129 0.304
130 0.313
131 0.282
132 0.295
133 0.3
134 0.272
135 0.293
136 0.301
137 0.286
138 0.307
139 0.254
140 0.312
141 0.304
142 0.299
143 0.295
144 0.281
145 0.285
146 0.295
147 0.297
148 0.291
149 0.259
150 0.259
151 0.302
152 0.276
153 0.259
154 0.293
155 0.292
156 0.294
157 0.313
158 0.306
159 0.303
160 0.299
161 0.275
162 0.3
163 0.292
164 0.283
165 0.285
166 0.282
167 0.307
168 0.297
169 0.282
170 0.289
171 0.291
172 0.283
173 0.286
174 0.295
175 0.301
176 0.29
177 0.293
178 0.295
179 0.269
180 0.271
181 0.269
182 0.299
183 0.287
184 0.284
185 0.308
186 0.284
187 0.305
188 0.277
189 0.317
190 0.239
191 0.294
192 0.309
193 0.264
194 0.288
195 0.279
196 0.3
197 0.289
198 0.284
199 0.288
200 0.3
201 0.307
202 0.289
203 0.287
204 0.303
205 0.302
206 0.284
207 0.287
208 0.324
209 0.269
210 0.268
211 0.297
212 0.281
213 0.305
214 0.322
215 0.291
216 0.257
217 0.302
218 0.262
219 0.287
220 0.273
221 0.295
222 0.27
223 0.28
224 0.315
225 0.293
226 0.278
227 0.292
228 0.301
229 0.293
230 0.306
231 0.29
232 0.301
233 0.275
234 0.265
235 0.297
236 0.302
237 0.295
238 0.291
239 0.298
240 0.259
241 0.293
242 0.292
243 0.294
244 0.264
245 0.298
246 0.263
247 0.303
248 0.305
249 0.303
250 0.295
251 0.262
252 0.28
253 0.275
254 0.259
255 0.288
256 0.291
257 0.261
258 0.294
259 0.298
260 0.289
261 0.269
262 0.288
263 0.283
264 0.271
265 0.281
266 0.296
267 0.271
268 0.291
269 0.294
270 0.302
271 0.292
272 0.282
273 0.313
274 0.293
275 0.303
276 0.3
277 0.298
278 0.293
279 0.273
280 0.302
281 0.293
282 0.276
283 0.316
284 0.266
285 0.288
286 0.29
287 0.293
288 0.291
289 0.278
290 0.282
291 0.276
292 0.32
293 0.285
294 0.293
295 0.28
296 0.283
297 0.255
298 0.287
299 0.31
300 0.289
301 0.288
302 0.311
303 0.306
304 0.29
305 0.296
306 0.271
307 0.289
308 0.285
309 0.287
310 0.303
311 0.301
312 0.255
313 0.277
314 0.314
315 0.289
316 0.317
317 0.292
318 0.296
319 0.294
320 0.293
321 0.296
322 0.305
323 0.304
324 0.283
325 0.296
326 0.269
327 0.274
328 0.29
329 0.276
330 0.308
331 0.311
332 0.292
333 0.274
334 0.293
335 0.281
336 0.297
337 0.276
338 0.282
339 0.293
340 0.269
341 0.296
342 0.268
343 0.281
344 0.3
345 0.297
346 0.287
347 0.279
348 0.295
349 0.292
350 0.283
351 0.311
352 0.291
353 0.297
354 0.284
355 0.282
356 0.3
357 0.286
358 0.299
359 0.26
360 0.285
361 0.298
362 0.276
363 0.288
364 0.28
365 0.318
366 0.292
367 0.249
368 0.281
369 0.265
370 0.288
371 0.268
372 0.267
373 0.304
374 0.304
375 0.298
376 0.286
377 0.288
378 0.25
379 0.288
380 0.278
381 0.282
382 0.268
383 0.279
384 0.282
385 0.311
386 0.287
387 0.297
388 0.287
389 0.287
390 0.278
391 0.273
392 0.283
393 0.275
394 0.278
395 0.263
396 0.274
397 0.287
398 0.3
399 0.306
400 0.262
401 0.297
402 0.292
403 0.281
404 0.281
405 0.273
406 0.253
407 0.28
408 0.298
409 0.278
410 0.286
411 0.324
412 0.302
413 0.278
414 0.302
415 0.31
416 0.308
417 0.287
418 0.268
419 0.268
420 0.292
421 0.293
422 0.3
423 0.271
424 0.279
425 0.287
426 0.284
427 0.28
428 0.281
429 0.299
430 0.287
431 0.286
432 0.305
433 0.295
434 0.31
435 0.264
436 0.293
437 0.272
438 0.306
439 0.298
440 0.302
441 0.296
442 0.29
443 0.3
444 0.304
445 0.289
446 0.317
447 0.28
448 0.297
449 0.298
450 0.285
451 0.268
452 0.306
453 0.293
454 0.3
455 0.297
456 0.285
457 0.295
458 0.279
459 0.296
460 0.287
461 0.293
462 0.287
463 0.317
464 0.282
465 0.286
466 0.294
467 0.284
468 0.284
469 0.296
470 0.288
471 0.294
472 0.288
473 0.277
474 0.286
475 0.273
476 0.269
477 0.26
478 0.279
479 0.286
480 0.318
481 0.303
482 0.314
483 0.305
484 0.293
485 0.283
486 0.275
487 0.3
488 0.302
489 0.304
490 0.274
491 0.274
492 0
493 0.285
494 0
495 0.271
496 0
497 0.289
498 0
499 0.294
500 0
501 0.306
502 0
503 0.31
504 0
505 0.275
506 0
507 0.285
508 0
509 0.289
510 0
511 0.282
512 0
513 0.301
514 0
515 0.266
516 0
517 0.289
518 0
519 0.291
520 0
521 0.309
522 0
523 0.325
524 0
525 0.358
526 0
527 1
528 0
529 0
530 0
531 0
532 0
533 0
534 0
535 0
536 0
537 0
538 0
539 0
540 0
541 0
542 0
543 0
544 0
545 0
546 0
547 0
548 0
549 0
550 0
551 0
552 0
553 0
554 0
555 0
556 0
557 0
558 0
559 0
560 0
561 0
562 0
563 0
564 0
565 0
566 0
567 0
568 0
569 0
570 0
571 0
572 0
573 0
574 0
575 0
576 0
577 0
578 0
579 0
580 0
581 0
582 0
583 0
584 0
585 0
586 0
587 0
588 0
589 0
590 0
591 0
592 0
593 0
594 0
595 0
596 0
597 0
598 0
599 0
600 0
601 0
602 0
603 0
604 0
605 0
606 0
607 0
608 0
609 0
610 0
611 0
612 0
613 0
614 0
615 0
616 0
617 0
618 0
619 0
620 0
621 0
622 0
623 0
624 0
625 0
626 0
627 0
628 0
629 0
630 0
631 0
632 0
633 0
634 0
635 0
636 0
637 0
638 0
639 0
640 0
641 0
642 0
643 0
644 0
645 0
646 0
647 0
648 0
649 0
650 0
651 0
652 0
653 0
654 0
655 0
656 0
657 0
658 0
659 0
660 0
661 0
662 0
663 0
664 0
665 0
666 0
667 0
668 0
